<?xml version="1.0" encoding="UTF-8"?>
<testsuite name="JUnit Vintage" tests="0" skipped="0" failures="0" errors="0" time="0.002" hostname="userui-MacBook-Pro.local" timestamp="2017-11-22T13:41:47">
<properties>
<property name="awt.toolkit" value="sun.lwawt.macosx.LWCToolkit"/>
<property name="file.encoding" value="UTF-8"/>
<property name="file.encoding.pkg" value="sun.io"/>
<property name="file.separator" value="/"/>
<property name="ftp.nonProxyHosts" value="local|*.local|169.254/16|*.169.254/16|lx.astxsvc.com|*.lx.astxsvc.com"/>
<property name="gopherProxySet" value="false"/>
<property name="http.nonProxyHosts" value="local|*.local|169.254/16|*.169.254/16|lx.astxsvc.com|*.lx.astxsvc.com"/>
<property name="java.awt.graphicsenv" value="sun.awt.CGraphicsEnvironment"/>
<property name="java.awt.printerjob" value="sun.lwawt.macosx.CPrinterJob"/>
<property name="java.class.path" value="/Users/user/Documents/qdillion_zooma_admin/build/classes/test:/Users/user/Documents/qdillion_zooma_admin/build/resources/test:/Users/user/Documents/qdillion_zooma_admin/build/classes/main:/Users/user/Documents/qdillion_zooma_admin/build/resources/main:/Users/user/.gradle/caches/modules-2/files-2.1/org.projectlombok/lombok/1.16.18/557d13dcb647038dc687390711ccb5c9b3ffbd60/lombok-1.16.18.jar:/Users/user/.gradle/caches/modules-2/files-2.1/org.springframework/spring-webmvc/4.1.6.RELEASE/e1ee19a5359f214d65cc18972df8aba17ce1e423/spring-webmvc-4.1.6.RELEASE.jar:/Users/user/.gradle/caches/modules-2/files-2.1/commons-collections/commons-collections/3.2/f951934aa5ae5a88d7e6dfaa6d32307d834a88be/commons-collections-3.2.jar:/Users/user/.gradle/caches/modules-2/files-2.1/javax.servlet/jstl/1.2/74aca283cd4f4b4f3e425f5820cda58f44409547/jstl-1.2.jar:/Users/user/.gradle/caches/modules-2/files-2.1/org.mybatis.spring.boot/mybatis-spring-boot-starter/1.1.1/d0f14dd5e6cee6adc3d2bfee4c0a879dced80552/mybatis-spring-boot-starter-1.1.1.jar:/Users/user/.gradle/caches/modules-2/files-2.1/org.javassist/javassist/3.15.0-GA/79907309ca4bb4e5e51d4086cc4179b2611358d7/javassist-3.15.0-GA.jar:/Users/user/.gradle/caches/modules-2/files-2.1/mysql/mysql-connector-java/5.1.31/95baa522c5ae4dbff61e8ebd1b2578665d6853a0/mysql-connector-java-5.1.31.jar:/Users/user/.gradle/caches/modules-2/files-2.1/commons-dbcp/commons-dbcp/1.4/30be73c965cc990b153a100aaaaafcf239f82d39/commons-dbcp-1.4.jar:/Users/user/.gradle/caches/modules-2/files-2.1/com.fasterxml.jackson.core/jackson-databind/2.4.3/feff63199be7b8f495c2f3e2096dcb6bd5e5b0b3/jackson-databind-2.4.3.jar:/Users/user/.gradle/caches/modules-2/files-2.1/org.codehaus.jackson/jackson-mapper-asl/1.9.13/1ee2f2bed0e5dd29d1cb155a166e6f8d50bbddb7/jackson-mapper-asl-1.9.13.jar:/Users/user/.gradle/caches/modules-2/files-2.1/org.codehaus.jackson/jackson-core-asl/1.9.13/3c304d70f42f832e0a86d45bd437f692129299a4/jackson-core-asl-1.9.13.jar:/Users/user/.gradle/caches/modules-2/files-2.1/javax.servlet/javax.servlet-api/3.0.1/6bf0ebb7efd993e222fc1112377b5e92a13b38dd/javax.servlet-api-3.0.1.jar:/Users/user/.gradle/caches/modules-2/files-2.1/org.junit.platform/junit-platform-launcher/1.0.1/5562631a34e4eefefdad04cdd49a50774d6ac777/junit-platform-launcher-1.0.1.jar:/Users/user/.gradle/caches/modules-2/files-2.1/org.junit.jupiter/junit-jupiter-engine/5.0.1/e22d2bf87f43fb03fee14dea447b2a14f41b095f/junit-jupiter-engine-5.0.1.jar:/Users/user/.gradle/caches/modules-2/files-2.1/org.junit.vintage/junit-vintage-engine/4.12.1/9ebffc203c5acb51450e34b38b91067f0b4e7e6c/junit-vintage-engine-4.12.1.jar:/Users/user/.gradle/caches/modules-2/files-2.1/org.springframework/spring-web/4.1.6.RELEASE/960101b25d0ec6f45d550bf92c00de8c6a584e6a/spring-web-4.1.6.RELEASE.jar:/Users/user/.gradle/caches/modules-2/files-2.1/org.mybatis.spring.boot/mybatis-spring-boot-autoconfigure/1.1.1/c7b01dca4aa80ec04c5dacf0348bb8c6ef40e9ce/mybatis-spring-boot-autoconfigure-1.1.1.jar:/Users/user/.gradle/caches/modules-2/files-2.1/commons-pool/commons-pool/1.5.4/75b6e20c596ed2945a259cea26d7fadd298398e6/commons-pool-1.5.4.jar:/Users/user/.gradle/caches/modules-2/files-2.1/com.fasterxml.jackson.core/jackson-annotations/2.4.0/d6a66c7a5f01cf500377bd669507a08cfeba882a/jackson-annotations-2.4.0.jar:/Users/user/.gradle/caches/modules-2/files-2.1/com.fasterxml.jackson.core/jackson-core/2.4.3/4cb3dbb0c2f75b51aa7543c53252989785a0c609/jackson-core-2.4.3.jar:/Users/user/.gradle/caches/modules-2/files-2.1/org.junit.platform/junit-platform-engine/1.0.1/4ce0a37866312c18ea3f45818f2faec077e46e0/junit-platform-engine-1.0.1.jar:/Users/user/.gradle/caches/modules-2/files-2.1/org.junit.jupiter/junit-jupiter-api/5.0.1/30fbf4448c594cb45d8e91630d6bb7f465906b88/junit-jupiter-api-5.0.1.jar:/Users/user/.gradle/caches/modules-2/files-2.1/commons-logging/commons-logging/1.2/4bfc12adfe4842bf07b657f0369c4cb522955686/commons-logging-1.2.jar:/Users/user/.gradle/caches/modules-2/files-2.1/org.springframework.boot/spring-boot/1.3.3.RELEASE/641cc375499d444e4efbc1801902260daa79758d/spring-boot-1.3.3.RELEASE.jar:/Users/user/.gradle/caches/modules-2/files-2.1/org.springframework.boot/spring-boot-autoconfigure/1.3.3.RELEASE/e7a4a25f74dac6b335ffabc43e3e8a6e3066340e/spring-boot-autoconfigure-1.3.3.RELEASE.jar:/Users/user/.gradle/caches/modules-2/files-2.1/org.springframework.boot/spring-boot-starter-jdbc/1.3.3.RELEASE/f10ffeca4c879f1f66f30989cc0f133258934246/spring-boot-starter-jdbc-1.3.3.RELEASE.jar:/Users/user/.gradle/caches/modules-2/files-2.1/org.junit.platform/junit-platform-commons/1.0.1/3632e4a74a43d3ae8d29e6fa172cbc29590bda03/junit-platform-commons-1.0.1.jar:/Users/user/.gradle/caches/modules-2/files-2.1/org.opentest4j/opentest4j/1.0.0/6f09c598e9ff64bf0ce2fa7e7de49a99ba83c0b4/opentest4j-1.0.0.jar:/Users/user/.gradle/caches/modules-2/files-2.1/aopalliance/aopalliance/1.0/235ba8b489512805ac13a8f9ea77a1ca5ebe3e8/aopalliance-1.0.jar:/Users/user/.gradle/caches/modules-2/files-2.1/org.springframework.boot/spring-boot-starter/1.3.3.RELEASE/e4a71ce6ae8e42a7535dd9f1a39f91d36c538f28/spring-boot-starter-1.3.3.RELEASE.jar:/Users/user/.gradle/caches/modules-2/files-2.1/org.apache.tomcat/tomcat-jdbc/8.0.32/55396c45fc8c34f31420a3b280fde4b1387b044d/tomcat-jdbc-8.0.32.jar:/Users/user/.gradle/caches/modules-2/files-2.1/org.springframework/spring-jdbc/4.2.5.RELEASE/205d2f1b902eac16a2ece772dc5ac6090b7e0b6f/spring-jdbc-4.2.5.RELEASE.jar:/Users/user/.gradle/caches/modules-2/files-2.1/org.springframework.boot/spring-boot-starter-logging/1.3.3.RELEASE/16b395c84f28b947f1c336aa461fda1e662bb3b6/spring-boot-starter-logging-1.3.3.RELEASE.jar:/Users/user/.gradle/caches/modules-2/files-2.1/org.yaml/snakeyaml/1.16/d64fb662c9e42789149f5078a62a22edda786c6a/snakeyaml-1.16.jar:/Users/user/.gradle/caches/modules-2/files-2.1/org.apache.tomcat/tomcat-juli/8.0.32/71471069cea029dfdce0735337864c7d0a3d9992/tomcat-juli-8.0.32.jar:/Users/user/.gradle/caches/modules-2/files-2.1/org.springframework/spring-tx/4.2.5.RELEASE/7395321fe937272d9b781a13985e04ab2dcd6210/spring-tx-4.2.5.RELEASE.jar:/Users/user/.gradle/caches/modules-2/files-2.1/ch.qos.logback/logback-classic/1.1.5/92353eb144695bba80b31f7bec4f36d871f230ac/logback-classic-1.1.5.jar:/Users/user/.gradle/caches/modules-2/files-2.1/org.slf4j/jcl-over-slf4j/1.7.16/34e48073884704ac987d3d1a1ab9b60e62028a9/jcl-over-slf4j-1.7.16.jar:/Users/user/.gradle/caches/modules-2/files-2.1/org.slf4j/jul-to-slf4j/1.7.16/2d5b546c5557dcbf08c3a381d7dc9bd275a602c1/jul-to-slf4j-1.7.16.jar:/Users/user/.gradle/caches/modules-2/files-2.1/org.slf4j/log4j-over-slf4j/1.7.16/c5922f37c8a5e4377cfb543c549f10e73d72ede0/log4j-over-slf4j-1.7.16.jar:/Users/user/.gradle/caches/modules-2/files-2.1/ch.qos.logback/logback-core/1.1.5/16722afde74444716e299bee1f60aec9f6d1f0dc/logback-core-1.1.5.jar:/Users/user/.gradle/caches/modules-2/files-2.1/junit/junit/4.12/2973d150c0dc1fefe998f834810d68f278ea58ec/junit-4.12.jar:/Users/user/.gradle/caches/modules-2/files-2.1/org.hamcrest/hamcrest-core/1.3/42a25dc3219429f0e5d060061f71acb49bf010a0/hamcrest-core-1.3.jar:/Users/user/.gradle/caches/modules-2/files-2.1/org.mybatis/mybatis/3.4.0/1b37a54d8ab403e56cb3ed717c25193474efa226/mybatis-3.4.0.jar:/Users/user/.gradle/caches/modules-2/files-2.1/org.mybatis/mybatis-spring/1.3.0/d1dbdc46cac543447ffd5aeda59f1a9bb34f0912/mybatis-spring-1.3.0.jar:/Users/user/.gradle/caches/modules-2/files-2.1/org.springframework/spring-core/4.2.5.RELEASE/251207b29f0f38f61e3495a2f7fb053cf1bfe8c/spring-core-4.2.5.RELEASE.jar:/Users/user/.gradle/caches/modules-2/files-2.1/org.springframework/spring-context/4.2.5.RELEASE/a75e18322c7b362fe1daa26a245ae672ec0f3138/spring-context-4.2.5.RELEASE.jar:/Users/user/.gradle/caches/modules-2/files-2.1/org.springframework/spring-beans/4.2.5.RELEASE/fa992ae40f6fc47117282164e0433b71da385e94/spring-beans-4.2.5.RELEASE.jar:/Users/user/.gradle/caches/modules-2/files-2.1/org.slf4j/slf4j-api/1.7.16/3a6274f658487d5bfff9af3862beff6da1e7fd52/slf4j-api-1.7.16.jar:/Users/user/.gradle/caches/modules-2/files-2.1/org.springframework/spring-aop/4.2.5.RELEASE/858d6c70909b3ce7e07b59fc936f8ccfcd81c0aa/spring-aop-4.2.5.RELEASE.jar:/Users/user/.gradle/caches/modules-2/files-2.1/org.springframework/spring-expression/4.2.5.RELEASE/a42bdfb833d0be6c18429aea3fb0fba81f85c6e8/spring-expression-4.2.5.RELEASE.jar:/Users/user/.gradle/caches/modules-2/files-2.1/org.junit.platform/junit-platform-console/1.0.1/3892e08f30d92a88addc73f3a5f9575be864cec/junit-platform-console-1.0.1.jar"/>
<property name="java.class.version" value="52.0"/>
<property name="java.endorsed.dirs" value="/Library/Java/JavaVirtualMachines/jdk1.8.0_151.jdk/Contents/Home/jre/lib/endorsed"/>
<property name="java.ext.dirs" value="/Users/user/Library/Java/Extensions:/Library/Java/JavaVirtualMachines/jdk1.8.0_151.jdk/Contents/Home/jre/lib/ext:/Library/Java/Extensions:/Network/Library/Java/Extensions:/System/Library/Java/Extensions:/usr/lib/java"/>
<property name="java.home" value="/Library/Java/JavaVirtualMachines/jdk1.8.0_151.jdk/Contents/Home/jre"/>
<property name="java.io.tmpdir" value="/var/folders/bw/yc236tcd1256nm3svpg31_jm0000gn/T/"/>
<property name="java.library.path" value="/Users/user/Library/Java/Extensions:/Library/Java/Extensions:/Network/Library/Java/Extensions:/System/Library/Java/Extensions:/usr/lib/java:."/>
<property name="java.runtime.name" value="Java(TM) SE Runtime Environment"/>
<property name="java.runtime.version" value="1.8.0_151-b12"/>
<property name="java.specification.name" value="Java Platform API Specification"/>
<property name="java.specification.vendor" value="Oracle Corporation"/>
<property name="java.specification.version" value="1.8"/>
<property name="java.vendor" value="Oracle Corporation"/>
<property name="java.vendor.url" value="http://java.oracle.com/"/>
<property name="java.vendor.url.bug" value="http://bugreport.sun.com/bugreport/"/>
<property name="java.version" value="1.8.0_151"/>
<property name="java.vm.info" value="mixed mode"/>
<property name="java.vm.name" value="Java HotSpot(TM) 64-Bit Server VM"/>
<property name="java.vm.specification.name" value="Java Virtual Machine Specification"/>
<property name="java.vm.specification.vendor" value="Oracle Corporation"/>
<property name="java.vm.specification.version" value="1.8"/>
<property name="java.vm.vendor" value="Oracle Corporation"/>
<property name="java.vm.version" value="25.151-b12"/>
<property name="line.separator" value="
"/>
<property name="os.arch" value="x86_64"/>
<property name="os.name" value="Mac OS X"/>
<property name="os.version" value="10.12.5"/>
<property name="path.separator" value=":"/>
<property name="socksNonProxyHosts" value="local|*.local|169.254/16|*.169.254/16|lx.astxsvc.com|*.lx.astxsvc.com"/>
<property name="sun.arch.data.model" value="64"/>
<property name="sun.boot.class.path" value="/Library/Java/JavaVirtualMachines/jdk1.8.0_151.jdk/Contents/Home/jre/lib/resources.jar:/Library/Java/JavaVirtualMachines/jdk1.8.0_151.jdk/Contents/Home/jre/lib/rt.jar:/Library/Java/JavaVirtualMachines/jdk1.8.0_151.jdk/Contents/Home/jre/lib/sunrsasign.jar:/Library/Java/JavaVirtualMachines/jdk1.8.0_151.jdk/Contents/Home/jre/lib/jsse.jar:/Library/Java/JavaVirtualMachines/jdk1.8.0_151.jdk/Contents/Home/jre/lib/jce.jar:/Library/Java/JavaVirtualMachines/jdk1.8.0_151.jdk/Contents/Home/jre/lib/charsets.jar:/Library/Java/JavaVirtualMachines/jdk1.8.0_151.jdk/Contents/Home/jre/lib/jfr.jar:/Library/Java/JavaVirtualMachines/jdk1.8.0_151.jdk/Contents/Home/jre/classes"/>
<property name="sun.boot.library.path" value="/Library/Java/JavaVirtualMachines/jdk1.8.0_151.jdk/Contents/Home/jre/lib"/>
<property name="sun.cpu.endian" value="little"/>
<property name="sun.cpu.isalist" value=""/>
<property name="sun.io.unicode.encoding" value="UnicodeBig"/>
<property name="sun.java.command" value="org.junit.platform.console.ConsoleLauncher --details NONE --scan-class-path /Users/user/Documents/qdillion_zooma_admin/build/classes/main:/Users/user/Documents/qdillion_zooma_admin/build/resources/main:/Users/user/Documents/qdillion_zooma_admin/build/classes/test:/Users/user/Documents/qdillion_zooma_admin/build/resources/test -n ^.*Tests?$ --reports-dir /Users/user/Documents/qdillion_zooma_admin/build/test-results/junit-platform"/>
<property name="sun.java.launcher" value="SUN_STANDARD"/>
<property name="sun.jnu.encoding" value="UTF-8"/>
<property name="sun.management.compiler" value="HotSpot 64-Bit Tiered Compilers"/>
<property name="sun.os.patch.level" value="unknown"/>
<property name="user.country" value="KR"/>
<property name="user.dir" value="/Users/user/Documents/qdillion_zooma_admin"/>
<property name="user.home" value="/Users/user"/>
<property name="user.language" value="ko"/>
<property name="user.name" value="user"/>
<property name="user.timezone" value="Asia/Seoul"/>
<property name="user.variant" value=""/>
</properties>
<system-out><![CDATA[
unique-id: [engine:junit-vintage]
display-name: JUnit Vintage
]]></system-out>
</testsuite>
